C:\USERS\PENGJUN.PJ\DOCUMENTS\VISUAL STUDIO 2010\PROJECTS\MFCTEST\DEBUG\GUESS_NUMBER.EXE
C:\USERS\PENGJUN.PJ\DOCUMENTS\VISUAL STUDIO 2010\PROJECTS\MFCTEST\DEBUG\GUESS_NUMBER.ILK
C:\USERS\PENGJUN.PJ\DOCUMENTS\VISUAL STUDIO 2010\PROJECTS\MFCTEST\DEBUG\GUESS_NUMBER.PDB
C:\USERS\PENGJUN.PJ\DOCUMENTS\VISUAL STUDIO 2010\PROJECTS\MFCTEST\GUESS_NUMBER\DEBUG\BKLISTBOX.OBJ
c:\Users\pengjun.pj\documents\visual studio 2010\Projects\MFCTest\Guess_Number\Debug\cl.command.1.tlog
c:\Users\pengjun.pj\documents\visual studio 2010\Projects\MFCTest\Guess_Number\Debug\CL.read.1.tlog
c:\Users\pengjun.pj\documents\visual studio 2010\Projects\MFCTest\Guess_Number\Debug\CL.write.1.tlog
C:\USERS\PENGJUN.PJ\DOCUMENTS\VISUAL STUDIO 2010\PROJECTS\MFCTEST\GUESS_NUMBER\DEBUG\GUESS_NUMBER.EXE.EMBED.MANIFEST
C:\USERS\PENGJUN.PJ\DOCUMENTS\VISUAL STUDIO 2010\PROJECTS\MFCTEST\GUESS_NUMBER\DEBUG\GUESS_NUMBER.EXE.EMBED.MANIFEST.RES
C:\USERS\PENGJUN.PJ\DOCUMENTS\VISUAL STUDIO 2010\PROJECTS\MFCTEST\GUESS_NUMBER\DEBUG\GUESS_NUMBER.EXE.INTERMEDIATE.MANIFEST
C:\USERS\PENGJUN.PJ\DOCUMENTS\VISUAL STUDIO 2010\PROJECTS\MFCTEST\GUESS_NUMBER\DEBUG\GUESS_NUMBER.OBJ
C:\USERS\PENGJUN.PJ\DOCUMENTS\VISUAL STUDIO 2010\PROJECTS\MFCTEST\GUESS_NUMBER\DEBUG\GUESS_NUMBER.PCH
C:\USERS\PENGJUN.PJ\DOCUMENTS\VISUAL STUDIO 2010\PROJECTS\MFCTEST\GUESS_NUMBER\DEBUG\GUESS_NUMBER.RES
c:\Users\pengjun.pj\documents\visual studio 2010\Projects\MFCTest\Guess_Number\Debug\Guess_Number_manifest.rc
C:\USERS\PENGJUN.PJ\DOCUMENTS\VISUAL STUDIO 2010\PROJECTS\MFCTEST\GUESS_NUMBER\DEBUG\GUESS_NUMBERDLG.OBJ
C:\USERS\PENGJUN.PJ\DOCUMENTS\VISUAL STUDIO 2010\PROJECTS\MFCTEST\GUESS_NUMBER\DEBUG\GUESS_START.OBJ
C:\USERS\PENGJUN.PJ\DOCUMENTS\VISUAL STUDIO 2010\PROJECTS\MFCTEST\GUESS_NUMBER\DEBUG\INFODLG.OBJ
c:\Users\pengjun.pj\documents\visual studio 2010\Projects\MFCTest\Guess_Number\Debug\link.command.1.tlog
c:\Users\pengjun.pj\documents\visual studio 2010\Projects\MFCTest\Guess_Number\Debug\link.read.1.tlog
c:\Users\pengjun.pj\documents\visual studio 2010\Projects\MFCTest\Guess_Number\Debug\link.write.1.tlog
c:\Users\pengjun.pj\documents\visual studio 2010\Projects\MFCTest\Guess_Number\Debug\link-cvtres.read.1.tlog
c:\Users\pengjun.pj\documents\visual studio 2010\Projects\MFCTest\Guess_Number\Debug\link-cvtres.write.1.tlog
c:\Users\pengjun.pj\documents\visual studio 2010\Projects\MFCTest\Guess_Number\Debug\mt.command.1.tlog
c:\Users\pengjun.pj\documents\visual studio 2010\Projects\MFCTest\Guess_Number\Debug\mt.read.1.tlog
c:\Users\pengjun.pj\documents\visual studio 2010\Projects\MFCTest\Guess_Number\Debug\mt.write.1.tlog
C:\USERS\PENGJUN.PJ\DOCUMENTS\VISUAL STUDIO 2010\PROJECTS\MFCTEST\GUESS_NUMBER\DEBUG\MYEDIT.OBJ
c:\Users\pengjun.pj\documents\visual studio 2010\Projects\MFCTest\Guess_Number\Debug\rc.command.1.tlog
c:\Users\pengjun.pj\documents\visual studio 2010\Projects\MFCTest\Guess_Number\Debug\rc.read.1.tlog
c:\Users\pengjun.pj\documents\visual studio 2010\Projects\MFCTest\Guess_Number\Debug\rc.write.1.tlog
C:\USERS\PENGJUN.PJ\DOCUMENTS\VISUAL STUDIO 2010\PROJECTS\MFCTEST\GUESS_NUMBER\DEBUG\SETDLG.OBJ
C:\USERS\PENGJUN.PJ\DOCUMENTS\VISUAL STUDIO 2010\PROJECTS\MFCTEST\GUESS_NUMBER\DEBUG\START.OBJ
C:\USERS\PENGJUN.PJ\DOCUMENTS\VISUAL STUDIO 2010\PROJECTS\MFCTEST\GUESS_NUMBER\DEBUG\STDAFX.OBJ
c:\Users\pengjun.pj\documents\visual studio 2010\Projects\MFCTest\Guess_Number\Debug\vc100.idb
C:\USERS\PENGJUN.PJ\DOCUMENTS\VISUAL STUDIO 2010\PROJECTS\MFCTEST\GUESS_NUMBER\DEBUG\VC100.PDB
