Build started 2013/8/1 13:21:57.
     1>Project "c:\Users\pengjun.pj\documents\visual studio 2010\Projects\MFCTest\Guess_Number\Guess_Number.vcxproj" on node 2 (build target(s)).
     1>InitializeBuildStatus:
         Touching "Debug\Guess_Number.unsuccessfulbuild".
       ClCompile:
         All outputs are up-to-date.
         D:\vs2010\VC\bin\CL.exe /c /ZI /nologo /W3 /WX- /Od /Oy- /D WIN32 /D _WINDOWS /D _DEBUG /D _UNICODE /D UNICODE /D _AFXDLL /Gm /EHsc /RTC1 /MDd /GS /fp:precise /Zc:wchar_t /Zc:forScope /Yu"StdAfx.h" /Fp"Debug\Guess_Number.pch" /Fo"Debug\\" /Fd"Debug\vc100.pdb" /Gd /TP /analyze- /errorReport:prompt Guess_Start.cpp
         Guess_Start.cpp
     1>c:\users\pengjun.pj\documents\visual studio 2010\projects\mfctest\guess_number\guess_start.cpp(46): warning C4244: 'argument' : conversion from 'time_t' to 'unsigned int', possible loss of data
       ResourceCompile:
         All outputs are up-to-date.
       ManifestResourceCompile:
         All outputs are up-to-date.
       Link:
         D:\vs2010\VC\bin\link.exe /ERRORREPORT:PROMPT /OUT:"c:\users\pengjun.pj\documents\visual studio 2010\Projects\MFCTest\Debug\Guess_Number.exe" /INCREMENTAL /NOLOGO /MANIFEST /ManifestFile:"Debug\Guess_Number.exe.intermediate.manifest" /MANIFESTUAC:"level='asInvoker' uiAccess='false'" /DEBUG /PDB:"c:\users\pengjun.pj\documents\visual studio 2010\Projects\MFCTest\Debug\Guess_Number.pdb" /SUBSYSTEM:WINDOWS /TLBID:1 /ENTRY:"wWinMainCRTStartup" /DYNAMICBASE /NXCOMPAT /IMPLIB:"c:\users\pengjun.pj\documents\visual studio 2010\Projects\MFCTest\Debug\Guess_Number.lib" /MACHINE:X86 Debug\Guess_Number.res
         Debug\Guess_Number.exe.embed.manifest.res
         Debug\BKListBox.obj
         Debug\Guess_Number.obj
         Debug\Guess_NumberDlg.obj
         Debug\Guess_Start.obj
         Debug\InfoDlg.obj
         Debug\MyEdit.obj
         Debug\SetDlg.obj
         Debug\Start.obj
         Debug\stdafx.obj
       Manifest:
         C:\Program Files (x86)\Microsoft SDKs\Windows\v7.0A\bin\mt.exe /nologo /verbose /out:"Debug\Guess_Number.exe.embed.manifest" /manifest Debug\Guess_Number.exe.intermediate.manifest D:\vs2010\VC\Include\Manifest\dpiaware.manifest
         All outputs are up-to-date.
       LinkEmbedManifest:
         All outputs are up-to-date.
         Guess_Number.vcxproj -> c:\users\pengjun.pj\documents\visual studio 2010\Projects\MFCTest\Debug\Guess_Number.exe
       FinalizeBuildStatus:
         Deleting file "Debug\Guess_Number.unsuccessfulbuild".
         Touching "Debug\Guess_Number.lastbuildstate".
     1>Done Building Project "c:\Users\pengjun.pj\documents\visual studio 2010\Projects\MFCTest\Guess_Number\Guess_Number.vcxproj" (build target(s)).

Build succeeded.

Time Elapsed 00:00:00.74
